<?xml version="1.0" encoding="UTF-8"?>
<testsuite xmlns:xsi="http://www.w3.org/2001/XMLSchema-instance" xsi:schemaLocation="https://maven.apache.org/surefire/maven-surefire-plugin/xsd/surefire-test-report.xsd" name="com.ITFiles.Parallel01IT" time="65.484" tests="17" errors="0" skipped="10" failures="2">
  <properties>
[...]
</properties>
  <testcase name="Given user is on home page" classname="Scenario: Verify user able to login and can able to buy product" time="0.001"/>
  <testcase name="When user click on sign in button on home page" classname="Scenario: Verify user able to login and can able to buy product" time="0"/>
  <testcase name="And user enter &quot;automation101@gmail.com&quot; in email address on authentication page" classname="Scenario: Verify user able to login and can able to buy product" time="0"/>
  <testcase name="And user enter &quot;automation101&quot; in password area on authentication page" classname="Scenario: Verify user able to login and can able to buy product" time="0"/>
  <testcase name="And user click on &quot;sign in&quot; button on authentication page" classname="Scenario: Verify user able to login and can able to buy product" time="0"/>
  <testcase name="And user full name display as &quot;harsh patel1&quot;" classname="Scenario: Verify user able to login and can able to buy product" time="0">
    <failure message="expected:&lt;harsh patel[]&gt; but was:&lt;harsh patel[1]&gt;" type="org.junit.ComparisonFailure"><![CDATA[org.junit.ComparisonFailure: expected:<harsh patel[]> but was:<harsh patel[1]>
]]></failure>
  </testcase>
  <testcase name="Scenario: Verify user able to login and can able to buy product" classname="Scenario: Verify user able to login and can able to buy product" time="0">
    <failure message="expected:&lt;harsh patel[]&gt; but was:&lt;harsh patel[1]&gt;" type="org.junit.ComparisonFailure"><![CDATA[org.junit.ComparisonFailure: expected:<harsh patel[]> but was:<harsh patel[1]>
]]></failure>
  </testcase>
  <testcase name="And user click on &quot;women&quot; section" classname="Scenario: Verify user able to login and can able to buy product" time="0">
    <skipped/>
  </testcase>
  <testcase name="And user verify product list is displayed on product category page" classname="Scenario: Verify user able to login and can able to buy product" time="0">
    <skipped/>
  </testcase>
  <testcase name="And user select the first available product on page product category page" classname="Scenario: Verify user able to login and can able to buy product" time="0">
    <skipped/>
  </testcase>
  <testcase name="And user select size as &quot;M&quot; on product details page" classname="Scenario: Verify user able to login and can able to buy product" time="0">
    <skipped/>
  </testcase>
  <testcase name="And user select Quantity as &quot;10&quot; on product details page" classname="Scenario: Verify user able to login and can able to buy product" time="0">
    <skipped/>
  </testcase>
  <testcase name="And user select color is &quot;blue&quot; on product details page" classname="Scenario: Verify user able to login and can able to buy product" time="0">
    <skipped/>
  </testcase>
  <testcase name="Then user verify product details on product details page" classname="Scenario: Verify user able to login and can able to buy product" time="0">
    <skipped/>
  </testcase>
  <testcase name="And user click on add to cart button on product details page" classname="Scenario: Verify user able to login and can able to buy product" time="0">
    <skipped/>
  </testcase>
  <testcase name="And user click on process and checkout on product details page" classname="Scenario: Verify user able to login and can able to buy product" time="0">
    <skipped/>
  </testcase>
  <testcase name="And user verify product details on checkout address page" classname="Scenario: Verify user able to login and can able to buy product" time="0">
    <skipped/>
  </testcase>
</testsuite>