<?xml version="1.0" encoding="UTF-8"?>
<testsuite xmlns:xsi="http://www.w3.org/2001/XMLSchema-instance" xsi:schemaLocation="https://maven.apache.org/surefire/maven-surefire-plugin/xsd/surefire-test-report.xsd" name="com.ITFiles.Parallel01IT" time="65.484" tests="17" errors="0" skipped="10" failures="2">
  <properties>
    <property name="java.runtime.name" value="Java(TM) SE Runtime Environment"/>
    <property name="sun.boot.library.path" value="C:\Program Files\Java\jdk1.8.0_192\jre\bin"/>
    <property name="java.vm.version" value="25.192-b12"/>
    <property name="browser" value="ff"/>
    <property name="java.vm.vendor" value="Oracle Corporation"/>
    <property name="maven.multiModuleProjectDirectory" value="C:\Users\harsh\OneDrive\Desktop\New folder\BDD_AutomationPractice"/>
    <property name="java.vendor.url" value="http://java.oracle.com/"/>
    <property name="path.separator" value=";"/>
    <property name="guice.disable.misplaced.annotation.check" value="true"/>
    <property name="java.vm.name" value="Java HotSpot(TM) 64-Bit Server VM"/>
    <property name="file.encoding.pkg" value="sun.io"/>
    <property name="user.script" value=""/>
    <property name="user.country" value="US"/>
    <property name="sun.java.launcher" value="SUN_STANDARD"/>
    <property name="sun.os.patch.level" value=""/>
    <property name="java.vm.specification.name" value="Java Virtual Machine Specification"/>
    <property name="user.dir" value="C:\Users\harsh\OneDrive\Desktop\New folder\BDD_AutomationPractice"/>
    <property name="java.runtime.version" value="1.8.0_192-b12"/>
    <property name="java.awt.graphicsenv" value="sun.awt.Win32GraphicsEnvironment"/>
    <property name="java.endorsed.dirs" value="C:\Program Files\Java\jdk1.8.0_192\jre\lib\endorsed"/>
    <property name="os.arch" value="amd64"/>
    <property name="java.io.tmpdir" value="C:\Users\harsh\AppData\Local\Temp\"/>
    <property name="line.separator" value="&#10;"/>
    <property name="java.vm.specification.vendor" value="Oracle Corporation"/>
    <property name="user.variant" value=""/>
    <property name="os.name" value="Windows 10"/>
    <property name="classworlds.conf" value="C:\Program Files\apache-maven-3.6.3\bin\..\bin\m2.conf"/>
    <property name="sun.jnu.encoding" value="Cp1252"/>
    <property name="java.library.path" value="C:\Program Files\Java\jdk1.8.0_192\bin;C:\WINDOWS\Sun\Java\bin;C:\WINDOWS\system32;C:\WINDOWS;C:\Program Files\Java\jdk1.8.0_192\bin;C:\Program Files\apache-maven-3.6.3\bin;C:\WINDOWS\system32;C:\WINDOWS;C:\WINDOWS\System32\Wbem;C:\WINDOWS\System32\WindowsPowerShell\v1.0\;C:\WINDOWS\System32\OpenSSH\;C:\Program Files\PuTTY\;C:\Ruby30-x64\bin;C:\Users\harsh\AppData\Local\Microsoft\WindowsApps;C:\Users\harsh\AppData\Local\Programs\Microsoft VS Code\bin;."/>
    <property name="maven.conf" value="C:\Program Files\apache-maven-3.6.3\bin\../conf"/>
    <property name="java.specification.name" value="Java Platform API Specification"/>
    <property name="java.class.version" value="52.0"/>
    <property name="CucumberOptions.tags" value="@Demo1"/>
    <property name="sun.management.compiler" value="HotSpot 64-Bit Tiered Compilers"/>
    <property name="os.version" value="10.0"/>
    <property name="library.jansi.path" value="C:\Program Files\apache-maven-3.6.3\bin\..\lib\jansi-native"/>
    <property name="user.home" value="C:\Users\harsh"/>
    <property name="user.timezone" value="Asia/Calcutta"/>
    <property name="java.awt.printerjob" value="sun.awt.windows.WPrinterJob"/>
    <property name="java.specification.version" value="1.8"/>
    <property name="file.encoding" value="Cp1252"/>
    <property name="user.name" value="harsh"/>
    <property name="java.class.path" value="C:\Program Files\apache-maven-3.6.3\bin\..\boot\plexus-classworlds-2.6.0.jar"/>
    <property name="java.vm.specification.version" value="1.8"/>
    <property name="sun.arch.data.model" value="64"/>
    <property name="java.home" value="C:\Program Files\Java\jdk1.8.0_192\jre"/>
    <property name="sun.java.command" value="org.codehaus.plexus.classworlds.launcher.Launcher clean verify -DCucumberOptions.tags=@Demo1 -Dbrowser=ff"/>
    <property name="java.specification.vendor" value="Oracle Corporation"/>
    <property name="user.language" value="en"/>
    <property name="awt.toolkit" value="sun.awt.windows.WToolkit"/>
    <property name="java.vm.info" value="mixed mode"/>
    <property name="java.version" value="1.8.0_192"/>
    <property name="java.ext.dirs" value="C:\Program Files\Java\jdk1.8.0_192\jre\lib\ext;C:\WINDOWS\Sun\Java\lib\ext"/>
    <property name="sun.boot.class.path" value="C:\Program Files\Java\jdk1.8.0_192\jre\lib\resources.jar;C:\Program Files\Java\jdk1.8.0_192\jre\lib\rt.jar;C:\Program Files\Java\jdk1.8.0_192\jre\lib\sunrsasign.jar;C:\Program Files\Java\jdk1.8.0_192\jre\lib\jsse.jar;C:\Program Files\Java\jdk1.8.0_192\jre\lib\jce.jar;C:\Program Files\Java\jdk1.8.0_192\jre\lib\charsets.jar;C:\Program Files\Java\jdk1.8.0_192\jre\lib\jfr.jar;C:\Program Files\Java\jdk1.8.0_192\jre\classes"/>
    <property name="sun.stderr.encoding" value="cp437"/>
    <property name="java.vendor" value="Oracle Corporation"/>
    <property name="maven.home" value="C:\Program Files\apache-maven-3.6.3\bin\.."/>
    <property name="file.separator" value="\"/>
    <property name="java.vendor.url.bug" value="http://bugreport.sun.com/bugreport/"/>
    <property name="sun.cpu.endian" value="little"/>
    <property name="sun.io.unicode.encoding" value="UnicodeLittle"/>
    <property name="sun.stdout.encoding" value="cp437"/>
    <property name="sun.desktop" value="windows"/>
    <property name="sun.cpu.isalist" value="amd64"/>
  </properties>
  <testcase name="Given user is on home page" classname="Scenario: Verify user able to login and can able to buy product" time="0.001"/>
  <testcase name="When user click on sign in button on home page" classname="Scenario: Verify user able to login and can able to buy product" time="0"/>
  <testcase name="And user enter &quot;automation101@gmail.com&quot; in email address on authentication page" classname="Scenario: Verify user able to login and can able to buy product" time="0"/>
  <testcase name="And user enter &quot;automation101&quot; in password area on authentication page" classname="Scenario: Verify user able to login and can able to buy product" time="0"/>
  <testcase name="And user click on &quot;sign in&quot; button on authentication page" classname="Scenario: Verify user able to login and can able to buy product" time="0"/>
  <testcase name="And user full name display as &quot;harsh patel1&quot;" classname="Scenario: Verify user able to login and can able to buy product" time="0">
    <failure message="expected:&lt;harsh patel[]&gt; but was:&lt;harsh patel[1]&gt;" type="org.junit.ComparisonFailure"><![CDATA[org.junit.ComparisonFailure: expected:<harsh patel[]> but was:<harsh patel[1]>
]]></failure>
  </testcase>
  <testcase name="Scenario: Verify user able to login and can able to buy product" classname="Scenario: Verify user able to login and can able to buy product" time="0">
    <failure message="expected:&lt;harsh patel[]&gt; but was:&lt;harsh patel[1]&gt;" type="org.junit.ComparisonFailure"><![CDATA[org.junit.ComparisonFailure: expected:<harsh patel[]> but was:<harsh patel[1]>
]]></failure>
  </testcase>
  <testcase name="And user click on &quot;women&quot; section" classname="Scenario: Verify user able to login and can able to buy product" time="0">
    <skipped/>
  </testcase>
  <testcase name="And user verify product list is displayed on product category page" classname="Scenario: Verify user able to login and can able to buy product" time="0">
    <skipped/>
  </testcase>
  <testcase name="And user select the first available product on page product category page" classname="Scenario: Verify user able to login and can able to buy product" time="0">
    <skipped/>
  </testcase>
  <testcase name="And user select size as &quot;M&quot; on product details page" classname="Scenario: Verify user able to login and can able to buy product" time="0">
    <skipped/>
  </testcase>
  <testcase name="And user select Quantity as &quot;10&quot; on product details page" classname="Scenario: Verify user able to login and can able to buy product" time="0">
    <skipped/>
  </testcase>
  <testcase name="And user select color is &quot;blue&quot; on product details page" classname="Scenario: Verify user able to login and can able to buy product" time="0">
    <skipped/>
  </testcase>
  <testcase name="Then user verify product details on product details page" classname="Scenario: Verify user able to login and can able to buy product" time="0">
    <skipped/>
  </testcase>
  <testcase name="And user click on add to cart button on product details page" classname="Scenario: Verify user able to login and can able to buy product" time="0">
    <skipped/>
  </testcase>
  <testcase name="And user click on process and checkout on product details page" classname="Scenario: Verify user able to login and can able to buy product" time="0">
    <skipped/>
  </testcase>
  <testcase name="And user verify product details on checkout address page" classname="Scenario: Verify user able to login and can able to buy product" time="0">
    <skipped/>
  </testcase>
</testsuite>